============================================================================================================================================
GitHub Repository Analysis: Human vs AI Coding Speed (6 repos analyzed)
============================================================================================================================================

Analysis Date: 2025-11-08T00:00:00
Total repos analyzed: 6

KEY FINDINGS:
  Average time ratio (human/AI): 0.000128
  This means: Human coding speed is 0.0128% of AI speed
  Or equivalently: AI is 7803.28x faster than human

STATISTICS:
  Median ratio: 0.000032
  Min ratio: 0.000008 (fastest human relative to AI - TheAlgorithms/Python with 1307 contributors)
  Max ratio: 0.000510 (slowest human relative to AI - langflow-ai/langflow with 314 contributors)

--------------------------------------------------------------------------------------------------------------------------------------------
Repo Name                                     Created      Last Commit       Lines    Contrib    Human Days    AI Hours  Human L/s      AI L/s      Ratio
--------------------------------------------------------------------------------------------------------------------------------------------
TheAlgorithms/Python                          2016-07-16   2025-11-06        88,522       1307      3,400.1       885.2  0.00000023  0.027778  0.000008
Significant-Gravitas/AutoGPT                  2023-03-16   2025-11-06       217,175        796        966.3      2171.8  0.00000327  0.027778  0.000118
AUTOMATIC1111/stable-diffusion-webui          2022-08-22   2024-07-27        52,611        640        704.9       526.1  0.00000135  0.027778  0.000049
huggingface/transformers                      2018-10-29   2025-11-07     1,613,570       3643      2,566.2     16135.7  0.00000200  0.027778  0.000072
ytdl-org/youtube-dl                           2010-10-31   2025-10-18       160,703       1010      5,465.8      1607.0  0.00000034  0.027778  0.000012
langflow-ai/langflow                          2023-02-08   2025-11-06       385,346        314      1,002.0      3853.5  0.00001418  0.027778  0.000510
--------------------------------------------------------------------------------------------------------------------------------------------

============================================================================================================================================
FINAL RESULTS
============================================================================================================================================

AVERAGE TIME RATIO: 0.00012815

Interpretation:
  - Human coding speed is 0.012815% of AI coding speed
  - AI is 7803.28x faster than human coding
  - For every 1 line AI writes, human writes 0.000128 lines in the same time
  - If human takes 1 day, AI takes 0.0031 hours (11 seconds)

Recommendation for model:
  Use formula: manual_time = ai_time × 7803.28
  Or equivalently: ai_time = manual_time × 0.00012815

COMPARISON TO PREVIOUS ASSUMPTION:
  - Previous assumption: manual = ai × 1428.57 (human is 0.07% of AI speed)
  - Real data shows: manual = ai × 7803.28 (human is 0.0128% of AI speed)
  - Real AI is 5.46x faster than we assumed!

NOTES:
  - This analysis is based on 6 major open-source projects
  - Human time calculated as: total repo lifetime / number of contributors
  - This includes all activities (planning, debugging, reviews, etc.), not just coding
  - AI time estimated using our ML model which predicts ~100 lines/hour with human prompting
  - The large multiplier reflects that human development includes much more than just code generation
  - Individual humans working full-time on focused tasks would be relatively faster
  - Large open-source projects have overhead from coordination, discussion, and review

RECOMMENDATIONS:
  1. Current formula (manual = ai × 1428.57) is too conservative
  2. Real data suggests manual = ai × 7803.28 is more accurate
  3. However, this is for large open-source projects with many contributors
  4. For focused individual work, a middle ground may be appropriate
  5. Consider using: manual = ai × 3000-5000 as a balanced estimate
